<?xml version="1.0" encoding="UTF-8"?>
<!-- Generated by org.testng.reporters.JUnitReportReporter -->
<testsuite hostname="sojood" failures="0" tests="1" name="tests.TestScenario" time="16.166" errors="0" timestamp="2024-02-26T12:48:26 EET" skipped="0">
  <testcase classname="tests.TestScenario" name="testScenario" time="16.166"/>
  <system-out/>
</testsuite> <!-- tests.TestScenario -->
